<?xml version="1.0" encoding="UTF-8"?>
<testsuite name="com.nostr.band.ExampleUnitTest" tests="1" skipped="0" failures="0" errors="0" timestamp="2023-07-26T14:07:57" hostname="C02FK1HCQ6LR" time="0.001">
  <properties/>
  <testcase name="addition_isCorrect" classname="com.nostr.band.ExampleUnitTest" time="0.001"/>
  <system-out><![CDATA[]]></system-out>
  <system-err><![CDATA[]]></system-err>
</testsuite>
